PLINK v1.90b6.26 64-bit (2 Apr 2022)
Options in effect:
  --bfile /storage/home/hcoda1/6/mfisher42/p-ggibson3-0/rich_project_pb1/CAGE_DATA/CAGE-BLOODSTORM/genotypes/switched_IDs/CAGE_1kg_pt3
  --chr 10
  --from-bp 5552651
  --make-bed
  --out ./genotype/IL2RA_5552651_6552651
  --to-bp 6552651

Hostname: login-phoenix-2.pace.gatech.edu
Working directory: /storage/coda1/p-ggibson3/0/mfisher42/rich_project_bio-gibson/New-2021/Updated-9-2021/For_Manuscript_Submission/IBD_Genes_All_Individuals
Start time: Wed Aug  3 11:49:26 2022

Random number seed: 1659541766
191881 MB RAM detected; reserving 95940 MB for main workspace.
4106 out of 8242192 variants loaded from .bim file.
2765 people (604 males, 758 females, 1403 ambiguous) loaded from .fam.
Ambiguous sex IDs written to ./genotype/IL2RA_5552651_6552651.nosex .
Using 1 thread (no multithreaded calculations invoked).
Before main variant filters, 2001 founders and 764 nonfounders present.
Calculating allele frequencies... done.
Total genotyping rate is 0.998707.
4106 variants and 2765 people pass filters and QC.
Note: No phenotypes present.
--make-bed to ./genotype/IL2RA_5552651_6552651.bed +
./genotype/IL2RA_5552651_6552651.bim + ./genotype/IL2RA_5552651_6552651.fam ...
done.

End time: Wed Aug  3 11:49:28 2022
